<?xml version="1.0" encoding="UTF-8"?>
<testng-results skipped="0" failed="0" total="2" passed="2">
  <reporter-output>
  </reporter-output>
  <suite name="Suite" duration-ms="23774" started-at="2018-04-16T17:25:39Z" finished-at="2018-04-16T17:26:03Z">
    <groups>
    </groups>
    <test name="Test" duration-ms="23774" started-at="2018-04-16T17:25:39Z" finished-at="2018-04-16T17:26:03Z">
      <class name="org.qa.adactin.testcases.SearchHotelPage">
        <test-method status="PASS" signature="testData()[pri:0, instance:org.qa.adactin.testcases.SearchHotelPage@166e5bd]" name="testData" is-config="true" duration-ms="18" started-at="2018-04-16T22:55:39Z" finished-at="2018-04-16T22:55:39Z">
          <reporter-output>
          </reporter-output>
        </test-method> <!-- testData -->
        <test-method status="PASS" signature="openBrowser(java.lang.String, java.lang.String)[pri:0, instance:org.qa.adactin.testcases.SearchHotelPage@166e5bd]" name="openBrowser" is-config="true" duration-ms="18627" started-at="2018-04-16T22:55:40Z" finished-at="2018-04-16T22:55:59Z">
          <params>
            <param index="0">
              <value>
                <![CDATA[chrome]]>
              </value>
            </param>
            <param index="1">
              <value>
                <![CDATA[http://adactin.com/HotelAppBuild2/]]>
              </value>
            </param>
          </params>
          <reporter-output>
          </reporter-output>
        </test-method> <!-- openBrowser -->
        <test-method status="PASS" signature="hotelSearch(java.lang.String, java.lang.String, java.lang.String, java.lang.String)[pri:0, instance:org.qa.adactin.testcases.SearchHotelPage@166e5bd]" name="hotelSearch" duration-ms="2927" started-at="2018-04-16T22:55:59Z" data-provider="getData" finished-at="2018-04-16T22:56:02Z">
          <params>
            <param index="0">
              <value>
                <![CDATA[1]]>
              </value>
            </param>
            <param index="1">
              <value>
                <![CDATA[saiinya2011]]>
              </value>
            </param>
            <param index="2">
              <value>
                <![CDATA[Admin@321]]>
              </value>
            </param>
            <param index="3">
              <value>
                <![CDATA[Paris]]>
              </value>
            </param>
          </params>
          <reporter-output>
          </reporter-output>
        </test-method> <!-- hotelSearch -->
        <test-method status="PASS" signature="closeBrowser()[pri:0, instance:org.qa.adactin.testcases.SearchHotelPage@166e5bd]" name="closeBrowser" is-config="true" duration-ms="1180" started-at="2018-04-16T22:56:02Z" finished-at="2018-04-16T22:56:03Z">
          <reporter-output>
          </reporter-output>
        </test-method> <!-- closeBrowser -->
      </class> <!-- org.qa.adactin.testcases.SearchHotelPage -->
      <class name="org.qa.adactin.testcases.LoginPage">
        <test-method status="PASS" signature="dataInfo()[pri:0, instance:org.qa.adactin.testcases.LoginPage@ef9176]" name="dataInfo" is-config="true" duration-ms="18" started-at="2018-04-16T22:55:39Z" finished-at="2018-04-16T22:55:39Z">
          <reporter-output>
          </reporter-output>
        </test-method> <!-- dataInfo -->
        <test-method status="PASS" signature="openBrowser(java.lang.String, java.lang.String)[pri:0, instance:org.qa.adactin.testcases.LoginPage@ef9176]" name="openBrowser" is-config="true" duration-ms="19055" started-at="2018-04-16T22:55:40Z" finished-at="2018-04-16T22:55:59Z">
          <params>
            <param index="0">
              <value>
                <![CDATA[chrome]]>
              </value>
            </param>
            <param index="1">
              <value>
                <![CDATA[http://adactin.com/HotelAppBuild2/]]>
              </value>
            </param>
          </params>
          <reporter-output>
          </reporter-output>
        </test-method> <!-- openBrowser -->
        <test-method status="PASS" signature="LoginPageTest(java.lang.String, java.lang.String, java.lang.String)[pri:0, instance:org.qa.adactin.testcases.LoginPage@ef9176]" name="LoginPageTest" duration-ms="1888" started-at="2018-04-16T22:55:59Z" data-provider="getData" finished-at="2018-04-16T22:56:01Z">
          <params>
            <param index="0">
              <value>
                <![CDATA[1]]>
              </value>
            </param>
            <param index="1">
              <value>
                <![CDATA[saiinya2011]]>
              </value>
            </param>
            <param index="2">
              <value>
                <![CDATA[Admin@321]]>
              </value>
            </param>
          </params>
          <reporter-output>
          </reporter-output>
        </test-method> <!-- LoginPageTest -->
        <test-method status="PASS" signature="closeBrowser()[pri:0, instance:org.qa.adactin.testcases.LoginPage@ef9176]" name="closeBrowser" is-config="true" duration-ms="1394" started-at="2018-04-16T22:56:01Z" finished-at="2018-04-16T22:56:03Z">
          <reporter-output>
          </reporter-output>
        </test-method> <!-- closeBrowser -->
      </class> <!-- org.qa.adactin.testcases.LoginPage -->
    </test> <!-- Test -->
  </suite> <!-- Suite -->
</testng-results>
