<?xml version="1.0" encoding="UTF-8"?>
<testng-results skipped="0" failed="0" ignored="0" total="2" passed="2">
  <reporter-output>
  </reporter-output>
  <suite name="Suite" duration-ms="27636" started-at="2018-04-24T15:09:52Z" finished-at="2018-04-24T15:10:20Z">
    <groups>
    </groups>
    <test name="Test" duration-ms="27636" started-at="2018-04-24T15:09:52Z" finished-at="2018-04-24T15:10:20Z">
      <class name="Guru.LoginTestCase">
        <test-method status="PASS" signature="openWebBrowser(java.lang.String, java.lang.String)[pri:0, instance:Guru.LoginTestCase@1832929]" name="openWebBrowser" is-config="true" duration-ms="13824" started-at="2018-04-24T20:39:52Z" finished-at="2018-04-24T20:40:06Z">
          <params>
            <param index="0">
              <value>
                <![CDATA[chrome]]>
              </value>
            </param>
            <param index="1">
              <value>
                <![CDATA[http://www.demo.guru99.com/v4/index.php]]>
              </value>
            </param>
          </params>
          <reporter-output>
          </reporter-output>
        </test-method> <!-- openWebBrowser -->
        <test-method status="PASS" signature="loginTest()[pri:0, instance:Guru.LoginTestCase@1832929]" name="loginTest" duration-ms="2704" started-at="2018-04-24T20:40:06Z" finished-at="2018-04-24T20:40:09Z">
          <reporter-output>
          </reporter-output>
        </test-method> <!-- loginTest -->
        <test-method status="PASS" signature="closeWebBrowser()[pri:0, instance:Guru.LoginTestCase@1832929]" name="closeWebBrowser" is-config="true" duration-ms="700" started-at="2018-04-24T20:40:09Z" finished-at="2018-04-24T20:40:09Z">
          <reporter-output>
          </reporter-output>
        </test-method> <!-- closeWebBrowser -->
      </class> <!-- Guru.LoginTestCase -->
      <class name="Guru.DashBoardTest">
        <test-method status="PASS" signature="openWebBrowser(java.lang.String, java.lang.String)[pri:0, instance:Guru.DashBoardTest@1275dab]" name="openWebBrowser" is-config="true" duration-ms="22685" started-at="2018-04-24T20:39:52Z" finished-at="2018-04-24T20:40:15Z">
          <params>
            <param index="0">
              <value>
                <![CDATA[chrome]]>
              </value>
            </param>
            <param index="1">
              <value>
                <![CDATA[http://www.demo.guru99.com/v4/index.php]]>
              </value>
            </param>
          </params>
          <reporter-output>
          </reporter-output>
        </test-method> <!-- openWebBrowser -->
        <test-method status="PASS" signature="dashboardTest()[pri:0, instance:Guru.DashBoardTest@1275dab]" name="dashboardTest" duration-ms="4249" started-at="2018-04-24T20:40:15Z" finished-at="2018-04-24T20:40:19Z">
          <reporter-output>
          </reporter-output>
        </test-method> <!-- dashboardTest -->
        <test-method status="PASS" signature="closeWebBrowser()[pri:0, instance:Guru.DashBoardTest@1275dab]" name="closeWebBrowser" is-config="true" duration-ms="666" started-at="2018-04-24T20:40:19Z" finished-at="2018-04-24T20:40:20Z">
          <reporter-output>
          </reporter-output>
        </test-method> <!-- closeWebBrowser -->
      </class> <!-- Guru.DashBoardTest -->
    </test> <!-- Test -->
  </suite> <!-- Suite -->
</testng-results>
