<?xml version="1.0" encoding="UTF-8"?>
<testng-results skipped="0" failed="0" ignored="0" total="1" passed="1">
  <reporter-output>
  </reporter-output>
  <suite name="Suite" duration-ms="13991" started-at="2018-04-24T14:12:31Z" finished-at="2018-04-24T14:12:45Z">
    <groups>
    </groups>
    <test name="Test" duration-ms="13991" started-at="2018-04-24T14:12:31Z" finished-at="2018-04-24T14:12:45Z">
      <class name="Guru.Guru.DashBoardTest">
        <test-method status="PASS" signature="data()[pri:0, instance:Guru.Guru.DashBoardTest@1fa1d9b]" name="data" is-config="true" duration-ms="12" started-at="2018-04-24T19:42:31Z" finished-at="2018-04-24T19:42:31Z">
          <reporter-output>
          </reporter-output>
        </test-method> <!-- data -->
        <test-method status="PASS" signature="openWebBrowser(java.lang.String, java.lang.String)[pri:0, instance:Guru.Guru.DashBoardTest@1fa1d9b]" name="openWebBrowser" is-config="true" duration-ms="9349" started-at="2018-04-24T19:42:32Z" finished-at="2018-04-24T19:42:41Z">
          <params>
            <param index="0">
              <value>
                <![CDATA[chrome]]>
              </value>
            </param>
            <param index="1">
              <value>
                <![CDATA[http://www.demo.guru99.com/v4/index.php]]>
              </value>
            </param>
          </params>
          <reporter-output>
          </reporter-output>
        </test-method> <!-- openWebBrowser -->
        <test-method status="PASS" signature="dashboardTest()[pri:0, instance:Guru.Guru.DashBoardTest@1fa1d9b]" name="dashboardTest" duration-ms="3909" started-at="2018-04-24T19:42:41Z" finished-at="2018-04-24T19:42:45Z">
          <reporter-output>
          </reporter-output>
        </test-method> <!-- dashboardTest -->
        <test-method status="PASS" signature="closeWebBrowser()[pri:0, instance:Guru.Guru.DashBoardTest@1fa1d9b]" name="closeWebBrowser" is-config="true" duration-ms="677" started-at="2018-04-24T19:42:45Z" finished-at="2018-04-24T19:42:45Z">
          <reporter-output>
          </reporter-output>
        </test-method> <!-- closeWebBrowser -->
      </class> <!-- Guru.Guru.DashBoardTest -->
    </test> <!-- Test -->
  </suite> <!-- Suite -->
</testng-results>
